1492707342 608 748
1492707342 0 0 0 0
1492707042 0 0 0 0
1492707000 0 0 1 1
1492706700 0 0 1 1
1492706400 0 0 0 0
1492706100 0 0 0 0
1492705800 0 0 0 0
1492705500 0 0 0 0
1492705200 0 0 0 0
1492704900 0 0 0 0
1492704600 0 0 0 0
1492704300 0 0 0 0
1492704000 0 0 0 0
1492703700 0 0 0 0
1492703400 0 0 0 0
1492703100 0 0 0 0
1492702800 0 0 0 0
1492702500 0 0 0 0
1492702200 0 0 0 0
1492701900 0 0 0 0
1492701600 0 0 0 0
1492701300 0 0 0 0
1492701000 0 0 0 0
1492700700 0 0 0 0
1492700400 0 0 0 0
1492700100 0 0 0 0
1492699800 0 0 0 0
1492699500 0 0 0 0
1492699200 0 0 0 0
1492698900 0 0 0 0
1492698600 0 0 0 0
1492698300 0 0 0 0
1492698000 0 0 0 0
1492697700 0 0 0 0
1492697400 0 0 0 0
1492697100 0 0 0 0
1492696800 0 0 0 0
1492696500 0 0 0 0
1492696200 0 0 0 0
1492695900 0 0 0 0
1492695600 0 0 0 0
1492695300 0 0 0 0
1492695000 0 0 0 0
1492694700 0 0 0 0
1492694400 0 0 0 0
1492694100 0 0 0 0
1492693800 0 0 0 0
1492693500 0 0 0 0
1492693200 0 0 0 0
1492692900 0 0 0 0
1492692600 0 0 0 0
1492692300 0 0 0 0
1492692000 0 0 0 0
1492691700 0 0 0 0
1492691400 0 0 0 0
1492691100 0 0 0 0
1492690800 0 0 0 0
1492690500 0 0 0 0
1492690200 0 0 0 0
1492689900 0 0 0 0
1492689600 0 0 0 0
1492689300 0 0 0 0
1492689000 0 0 0 0
1492688700 0 0 0 0
1492688400 0 0 0 0
1492688100 0 0 0 0
1492687800 0 0 0 0
1492687500 0 0 0 0
1492687200 0 0 0 0
1492686900 0 0 0 0
1492686600 0 0 0 0
1492686300 0 0 0 0
1492686000 0 0 0 0
1492685700 0 0 0 0
1492685400 0 0 0 0
1492685100 0 0 0 0
1492684800 0 0 0 0
1492684500 0 0 0 0
1492684200 0 0 0 0
1492683900 0 0 0 0
1492683600 0 0 0 0
1492683300 0 0 0 0
1492683000 0 0 0 0
1492682700 0 0 0 0
1492682400 0 0 0 0
1492682100 0 0 0 0
1492681800 0 0 0 0
1492681500 0 0 0 0
1492681200 0 0 0 0
1492680900 0 0 0 0
1492680600 0 0 0 0
1492680300 0 0 0 0
1492680000 0 0 0 0
1492679700 0 0 0 0
1492679400 0 0 0 0
1492679100 0 0 0 0
1492678800 0 0 0 0
1492678500 0 0 0 0
1492678200 0 0 0 0
1492677900 0 0 0 0
1492677600 0 0 0 0
1492677300 0 0 0 0
1492677000 0 0 0 0
1492676700 0 0 0 0
1492676400 0 0 0 0
1492676100 0 0 0 0
1492675800 0 0 0 0
1492675500 0 0 0 0
1492675200 0 0 0 0
1492674900 0 0 0 0
1492674600 0 0 0 0
1492674300 0 0 0 0
1492674000 0 0 0 0
1492673700 0 0 0 0
1492673400 0 0 0 0
1492673100 0 0 0 0
1492672800 0 0 0 0
1492672500 0 0 0 0
1492672200 0 0 0 0
1492671900 0 0 0 0
1492671600 0 0 0 0
1492671300 0 0 0 0
1492671000 0 0 0 0
1492670700 0 0 0 0
1492670400 0 0 0 0
1492670100 0 0 0 0
1492669800 0 0 0 0
1492669500 0 0 0 0
1492669200 0 0 0 0
1492668900 0 0 0 0
1492668600 0 0 0 0
1492668300 0 0 0 0
1492668000 0 0 0 0
1492667700 0 0 0 0
1492667400 0 0 0 0
1492667100 0 0 0 0
1492666800 0 0 0 0
1492666500 0 0 0 0
1492666200 0 0 0 0
1492665900 0 0 0 0
1492665600 0 0 0 0
1492665300 0 0 0 0
1492665000 0 0 0 0
1492664700 0 0 0 0
1492664400 0 0 0 0
1492664100 0 0 0 0
1492663800 0 0 0 0
1492663500 0 0 0 0
1492663200 0 0 0 0
1492662900 0 0 0 0
1492662600 0 0 0 0
1492662300 0 0 0 0
1492662000 0 0 0 0
1492661700 0 0 0 0
1492661400 0 0 0 0
1492661100 0 0 0 0
1492660800 0 0 0 0
1492660500 0 0 0 0
1492660200 0 0 0 0
1492659900 0 0 0 0
1492659600 0 0 0 0
1492659300 0 0 0 0
1492659000 0 0 0 0
1492658700 0 0 0 0
1492658400 0 0 0 0
1492658100 0 0 0 0
1492657800 0 0 0 0
1492657500 0 0 0 0
1492657200 0 0 0 0
1492656900 0 0 0 0
1492656600 0 0 0 0
1492656300 0 0 0 0
1492656000 0 0 0 0
1492655700 0 0 0 0
1492655400 0 0 0 0
1492655100 0 0 0 0
1492654800 0 0 0 0
1492654500 0 0 0 0
1492654200 0 0 0 0
1492653900 0 0 0 0
1492653600 0 0 0 0
1492653300 0 0 0 0
1492653000 0 0 0 0
1492652700 0 0 0 0
1492652400 0 0 0 0
1492652100 0 0 0 0
1492651800 0 0 0 0
1492651500 0 0 0 0
1492651200 0 0 0 0
1492650900 0 0 0 0
1492650600 0 0 0 0
1492650300 0 0 0 0
1492650000 0 0 0 0
1492649700 0 0 0 0
1492649400 0 0 0 0
1492649100 0 0 0 0
1492648800 0 0 0 0
1492648500 0 0 0 0
1492648200 0 0 0 0
1492647900 0 0 0 0
1492647600 0 0 0 0
1492647300 0 0 0 0
1492647000 0 0 0 0
1492646700 0 0 0 0
1492646400 0 0 0 0
1492646100 0 0 0 0
1492645800 0 0 0 0
1492645500 0 0 0 0
1492645200 0 0 0 0
1492644900 0 0 0 0
1492644600 0 0 0 0
1492644300 0 0 0 0
1492644000 0 0 0 0
1492643700 0 0 0 0
1492643400 0 0 0 0
1492643100 0 0 0 0
1492642800 0 0 0 0
1492642500 0 0 0 0
1492642200 0 0 0 0
1492641900 0 0 0 0
1492641600 0 0 0 0
1492641300 0 0 0 0
1492641000 0 0 0 0
1492640700 0 0 0 0
1492640400 0 0 0 0
1492640100 0 0 0 0
1492639800 0 0 0 0
1492639500 0 0 0 0
1492639200 0 0 0 0
1492638900 0 0 0 0
1492638600 0 0 0 0
1492638300 0 0 0 0
1492638000 0 0 0 0
1492637700 0 0 0 0
1492637400 0 0 0 0
1492637100 0 0 0 0
1492636800 0 0 0 0
1492636500 0 0 0 0
1492636200 0 0 0 0
1492635900 0 0 0 0
1492635600 0 0 0 0
1492635300 0 0 0 0
1492635000 0 0 0 0
1492634700 0 0 0 0
1492634400 0 0 0 0
1492634100 0 0 0 0
1492633800 0 0 0 0
1492633500 0 0 0 0
1492633200 0 0 0 0
1492632900 0 0 0 0
1492632600 0 0 0 0
1492632300 0 0 0 0
1492632000 0 0 0 0
1492631700 0 0 0 0
1492631400 0 0 0 0
1492631100 0 0 0 0
1492630800 0 0 0 0
1492630500 0 0 0 0
1492630200 0 0 0 0
1492629900 0 0 0 0
1492629600 0 0 0 0
1492629300 0 0 0 0
1492629000 0 0 0 0
1492628700 0 0 0 0
1492628400 0 0 0 0
1492628100 0 0 0 0
1492627800 0 0 0 0
1492627500 0 0 0 0
1492627200 0 0 0 0
1492626900 0 0 0 0
1492626600 0 0 0 0
1492626300 0 0 0 0
1492626000 0 0 0 0
1492625700 0 0 0 0
1492625400 0 0 0 0
1492625100 0 0 0 0
1492624800 0 0 0 0
1492624500 0 0 0 0
1492624200 0 0 0 0
1492623900 0 0 0 0
1492623600 0 0 0 0
1492623300 0 0 0 0
1492623000 0 0 0 0
1492622700 0 0 0 0
1492622400 0 0 0 0
1492622100 0 0 0 0
1492621800 0 0 0 0
1492621500 0 0 0 0
1492621200 0 0 0 0
1492620900 0 0 0 0
1492620600 0 0 0 0
1492620300 0 0 0 0
1492620000 0 0 0 0
1492619700 0 0 0 0
1492619400 0 0 0 0
1492619100 0 0 0 0
1492618800 0 0 0 0
1492618500 0 0 0 0
1492618200 0 0 0 0
1492617900 0 0 0 0
1492617600 0 0 0 0
1492617300 0 0 0 0
1492617000 0 0 0 0
1492616700 0 0 0 0
1492616400 0 0 0 0
1492616100 0 0 0 0
1492615800 0 0 0 0
1492615500 0 0 0 0
1492615200 0 0 0 0
1492614900 0 0 0 0
1492614600 0 0 0 0
1492614300 0 0 0 0
1492614000 0 0 0 0
1492613700 0 0 0 0
1492613400 0 0 0 0
1492613100 0 0 0 0
1492612800 0 0 0 0
1492612500 0 0 0 0
1492612200 0 0 0 0
1492611900 0 0 0 0
1492611600 0 0 0 0
1492611300 0 0 0 0
1492611000 0 0 0 0
1492610700 0 0 0 0
1492610400 0 0 0 0
1492610100 0 0 0 0
1492609800 0 0 0 0
1492609500 0 0 0 0
1492609200 0 0 0 0
1492608900 0 0 0 0
1492608600 0 0 0 0
1492608300 0 0 0 0
1492608000 0 0 0 0
1492607700 0 0 0 0
1492607400 0 0 0 0
1492607100 0 0 0 0
1492606800 0 0 0 0
1492606500 0 0 0 0
1492606200 0 0 0 0
1492605900 0 0 0 0
1492605600 0 0 0 0
1492605300 0 0 0 0
1492605000 0 0 0 0
1492604700 0 0 0 0
1492604400 0 0 0 0
1492604100 0 0 0 0
1492603800 0 0 0 0
1492603500 0 0 0 0
1492603200 0 0 0 0
1492602900 0 0 0 0
1492602600 0 0 0 0
1492602300 0 0 0 0
1492602000 0 0 0 0
1492601700 0 0 0 0
1492601400 0 0 0 0
1492601100 0 0 0 0
1492600800 0 0 0 0
1492600500 0 0 0 0
1492600200 0 0 0 0
1492599900 0 0 0 0
1492599600 0 0 0 0
1492599300 0 0 0 0
1492599000 0 0 0 0
1492598700 0 0 0 0
1492598400 0 0 0 0
1492598100 0 0 0 0
1492597800 0 0 0 0
1492597500 0 0 0 0
1492597200 0 0 0 0
1492596900 0 0 0 0
1492596600 0 0 0 0
1492596300 0 0 0 0
1492596000 0 0 0 0
1492595700 0 0 0 0
1492595400 0 0 0 0
1492595100 0 0 0 0
1492594800 0 0 0 0
1492594500 0 0 0 0
1492594200 0 0 0 0
1492593900 0 0 0 0
1492593600 0 0 0 0
1492593300 0 0 0 0
1492593000 0 0 0 0
1492592700 0 0 0 0
1492592400 0 0 0 0
1492592100 0 0 0 0
1492591800 0 0 0 0
1492591500 0 0 0 0
1492591200 0 0 0 0
1492590900 0 0 0 0
1492590600 0 0 0 0
1492590300 0 0 0 0
1492590000 0 0 0 0
1492589700 0 0 0 0
1492589400 0 0 0 0
1492589100 0 0 0 0
1492588800 0 0 0 0
1492588500 0 0 0 0
1492588200 0 0 0 0
1492587900 0 0 0 0
1492587600 0 0 0 0
1492587300 0 0 0 0
1492587000 0 0 0 0
1492586700 0 0 0 0
1492586400 0 0 0 0
1492586100 0 0 0 0
1492585800 0 0 0 0
1492585500 0 0 0 0
1492585200 0 0 0 0
1492584900 0 0 0 0
1492584600 0 0 0 0
1492584300 0 0 0 0
1492584000 0 0 0 0
1492583700 0 0 0 0
1492583400 0 0 0 0
1492583100 0 0 0 0
1492582800 0 0 0 0
1492582500 0 0 0 0
1492582200 0 0 0 0
1492581900 0 0 0 0
1492581600 0 0 0 0
1492581300 0 0 0 0
1492581000 0 0 0 0
1492580700 0 0 0 0
1492580400 0 0 0 0
1492580100 0 0 0 0
1492579800 0 0 0 0
1492579500 0 0 0 0
1492579200 0 0 0 0
1492578900 0 0 0 0
1492578600 0 0 0 0
1492578300 0 0 0 0
1492578000 0 0 0 0
1492577700 0 0 0 0
1492577400 0 0 0 0
1492577100 0 0 0 0
1492576800 0 0 0 0
1492576500 0 0 0 0
1492576200 0 0 0 0
1492575900 0 0 0 0
1492575600 0 0 0 0
1492575300 0 0 0 0
1492575000 0 0 0 0
1492574700 0 0 0 0
1492574400 0 0 0 0
1492574100 0 0 0 0
1492573800 0 0 0 0
1492573500 0 0 0 0
1492573200 0 0 0 0
1492572900 0 0 0 0
1492572600 0 0 0 0
1492572300 0 0 0 0
1492572000 0 0 0 0
1492571700 0 0 0 0
1492571400 0 0 0 0
1492571100 0 0 0 0
1492570800 0 0 0 0
1492570500 0 0 0 0
1492570200 0 0 0 0
1492569900 0 0 0 0
1492569600 0 0 0 0
1492569300 0 0 0 0
1492569000 0 0 0 0
1492568700 0 0 0 0
1492568400 0 0 0 0
1492568100 0 0 0 0
1492567800 0 0 0 0
1492567500 0 0 0 0
1492567200 0 0 0 0
1492566900 0 0 0 0
1492566600 0 0 0 0
1492566300 0 0 0 0
1492566000 0 0 0 0
1492565700 0 0 0 0
1492565400 0 0 0 0
1492565100 0 0 0 0
1492564800 0 0 0 0
1492564500 0 0 0 0
1492564200 0 0 0 0
1492563900 0 0 0 0
1492563600 0 0 0 0
1492563300 0 0 0 0
1492563000 0 0 0 0
1492562700 0 0 0 0
1492562400 0 0 0 0
1492562100 0 0 0 0
1492561800 0 0 0 0
1492561500 0 0 0 0
1492561200 0 0 0 0
1492560900 0 0 0 0
1492560600 0 0 0 0
1492560300 0 0 0 0
1492560000 0 0 0 0
1492559700 0 0 0 0
1492559400 0 0 0 0
1492559100 0 0 0 0
1492558800 0 0 0 0
1492558500 0 0 0 0
1492558200 0 0 0 0
1492557900 0 0 0 0
1492557600 0 0 0 0
1492557300 0 0 0 0
1492557000 0 0 0 0
1492556700 0 0 0 0
1492556400 0 0 0 0
1492556100 0 0 0 0
1492555800 0 0 0 0
1492555500 0 0 0 0
1492555200 0 0 0 0
1492554900 0 0 0 0
1492554600 0 0 0 0
1492554300 0 0 0 0
1492554000 0 0 0 0
1492553700 0 0 0 0
1492553400 0 0 0 0
1492553100 0 0 0 0
1492552800 0 0 0 0
1492552500 0 0 0 0
1492552200 0 0 0 0
1492551900 0 0 0 0
1492551600 0 0 0 0
1492551300 0 0 0 0
1492551000 0 0 0 0
1492550700 0 0 0 0
1492550400 0 0 0 0
1492550100 0 0 0 0
1492549800 0 0 0 0
1492549500 0 0 0 0
1492549200 0 0 0 0
1492548900 0 0 0 0
1492548600 0 0 0 0
1492548300 0 0 0 0
1492548000 0 0 0 0
1492547700 0 0 0 0
1492547400 0 0 0 0
1492547100 0 0 0 0
1492546800 0 0 0 0
1492546500 0 0 0 0
1492546200 0 0 0 0
1492545900 0 0 0 0
1492545600 0 0 0 0
1492545300 0 0 0 0
1492545000 0 0 0 0
1492544700 0 0 0 0
1492544400 0 0 0 0
1492544100 0 0 0 0
1492543800 0 0 0 0
1492543500 0 0 0 0
1492543200 0 0 0 0
1492542900 0 0 0 0
1492542600 0 0 0 0
1492542300 0 0 0 0
1492542000 0 0 0 0
1492541700 0 0 0 0
1492541400 0 0 0 0
1492541100 0 0 0 0
1492540800 0 0 0 0
1492540500 0 0 0 0
1492540200 0 0 0 0
1492539900 0 0 0 0
1492539600 0 0 0 0
1492539300 0 0 0 0
1492539000 0 0 0 0
1492538700 0 0 0 0
1492538400 0 0 0 0
1492538100 0 0 0 0
1492537800 0 0 0 0
1492537500 0 0 0 0
1492537200 0 0 0 0
1492536900 0 0 0 0
1492536600 0 0 0 0
1492536300 0 0 0 0
1492536000 0 0 0 0
1492535700 0 0 0 0
1492535400 0 0 0 0
1492535100 0 0 0 0
1492534800 0 0 0 0
1492534500 0 0 0 0
1492534200 0 0 0 0
1492533900 0 0 0 0
1492533600 0 0 0 0
1492533300 0 0 0 0
1492533000 0 0 0 0
1492532700 0 0 0 0
1492532400 0 0 0 0
1492532100 0 0 0 0
1492531800 0 0 0 0
1492531500 0 0 0 0
1492531200 0 0 0 0
1492530900 0 0 0 0
1492530600 0 0 0 0
1492530300 0 0 0 0
1492530000 0 0 0 0
1492529700 0 0 0 0
1492529400 0 0 0 0
1492529100 0 0 0 0
1492528800 0 0 0 0
1492528500 0 0 0 0
1492528200 0 0 0 0
1492527900 0 0 0 0
1492527600 0 0 0 0
1492527300 0 0 0 0
1492525800 0 0 0 0
1492524000 0 0 0 0
1492522200 0 0 0 0
1492520400 0 0 0 0
1492518600 0 0 0 0
1492516800 0 0 0 0
1492515000 0 0 0 0
1492513200 0 0 0 0
1492511400 0 0 0 0
1492509600 0 0 0 0
1492507800 0 0 0 0
1492506000 0 0 0 0
1492504200 0 0 0 0
1492502400 0 0 0 0
1492500600 0 0 0 0
1492498800 0 0 0 0
1492497000 0 0 0 0
1492495200 0 0 0 0
1492493400 0 0 0 0
1492491600 0 0 0 0
1492489800 0 0 0 0
1492488000 0 0 0 0
1492486200 0 0 0 0
1492484400 0 0 0 0
1492482600 0 0 0 0
1492480800 0 0 0 0
1492479000 0 0 0 0
1492477200 0 0 0 0
1492475400 0 0 0 0
1492473600 0 0 0 0
1492471800 0 0 0 0
1492470000 0 0 0 0
1492468200 0 0 0 0
1492466400 0 0 0 0
1492464600 0 0 0 0
1492462800 0 0 0 0
1492461000 0 0 0 0
1492459200 0 0 0 0
1492457400 0 0 0 0
1492455600 0 0 0 0
1492453800 0 0 0 0
1492452000 0 0 0 0
1492450200 0 0 0 0
1492448400 0 0 0 0
1492446600 0 0 0 0
1492444800 0 0 0 0
1492443000 0 0 0 0
1492441200 0 0 0 0
1492439400 0 0 0 0
1492437600 0 0 0 0
1492435800 0 0 0 0
1492434000 0 0 0 0
1492432200 0 0 0 0
1492430400 0 0 0 0
1492428600 0 0 0 0
1492426800 0 0 0 0
1492425000 0 0 0 0
1492423200 0 0 0 0
1492421400 0 0 0 0
1492419600 0 0 0 0
1492417800 0 0 0 0
1492416000 0 0 0 0
1492414200 0 0 0 0
1492412400 0 0 0 0
1492410600 0 0 0 0
1492408800 0 0 0 0
1492407000 0 0 0 0
1492405200 0 0 0 0
1492403400 0 0 0 0
1492401600 0 0 0 0
1492399800 0 0 0 0
1492398000 0 0 0 0
1492396200 0 0 0 0
1492394400 0 0 0 0
1492392600 0 0 0 0
1492390800 0 0 0 0
1492389000 0 0 0 0
1492387200 0 0 0 0
1492385400 0 0 0 0
1492383600 0 0 0 0
1492381800 0 0 0 0
1492380000 0 0 0 0
1492378200 0 0 0 0
1492376400 0 0 0 0
1492374600 0 0 0 0
1492372800 0 0 0 0
1492371000 0 0 0 0
1492369200 0 0 0 0
1492367400 0 0 0 0
1492365600 0 0 0 0
1492363800 0 0 0 0
1492362000 0 0 0 0
1492360200 0 0 0 0
1492358400 0 0 0 0
1492356600 0 0 0 0
1492354800 0 0 0 0
1492353000 0 0 0 0
1492351200 0 0 0 0
1492349400 0 0 0 0
1492347600 0 0 0 0
1492345800 0 0 0 0
1492344000 0 0 0 0
1492342200 0 0 0 0
1492340400 0 0 0 0
1492338600 0 0 0 0
1492336800 0 0 0 0
1492335000 0 0 0 0
1492333200 0 0 0 0
1492331400 0 0 0 0
1492329600 0 0 0 0
1492327800 0 0 0 0
1492326000 0 0 0 0
1492324200 0 0 0 0
1492322400 0 0 0 0
1492320600 0 0 0 0
1492318800 0 0 0 0
1492317000 0 0 0 0
1492315200 0 0 0 0
1492313400 0 0 0 0
1492311600 0 0 0 0
1492309800 0 0 0 0
1492308000 0 0 0 0
1492306200 0 0 0 0
1492304400 0 0 0 0
1492302600 0 0 0 0
1492300800 0 0 0 0
1492299000 0 0 0 0
1492297200 0 0 0 0
1492295400 0 0 0 0
1492293600 0 0 0 0
1492291800 0 0 0 0
1492290000 0 0 0 0
1492288200 0 0 0 0
1492286400 0 0 0 0
1492284600 0 0 0 0
1492282800 0 0 0 0
1492281000 0 0 0 0
1492279200 0 0 0 0
1492277400 0 0 0 0
1492275600 0 0 0 0
1492273800 0 0 0 0
1492272000 0 0 0 0
1492270200 0 0 0 0
1492268400 0 0 0 0
1492266600 0 0 0 0
1492264800 0 0 0 0
1492263000 0 0 0 0
1492261200 0 0 0 0
1492259400 0 0 0 0
1492257600 0 0 0 0
1492255800 0 0 0 0
1492254000 0 0 0 0
1492252200 0 0 0 0
1492250400 0 0 0 0
1492248600 0 0 0 0
1492246800 0 0 0 0
1492245000 0 0 0 0
1492243200 0 0 0 0
1492241400 0 0 0 0
1492239600 0 0 0 0
1492237800 0 0 0 0
1492236000 0 0 0 0
1492234200 0 0 0 0
1492232400 0 0 0 0
1492230600 0 0 0 0
1492228800 0 0 0 0
1492227000 0 0 0 0
1492225200 0 0 0 0
1492223400 0 0 0 0
1492221600 0 0 0 0
1492219800 0 0 0 0
1492218000 0 0 0 0
1492216200 0 0 0 0
1492214400 0 0 0 0
1492212600 0 0 0 0
1492210800 0 0 0 0
1492209000 0 0 0 0
1492207200 0 0 0 0
1492205400 0 0 0 0
1492203600 0 0 0 0
1492201800 0 0 0 0
1492200000 0 0 0 0
1492198200 0 0 0 0
1492196400 0 0 0 0
1492194600 0 0 0 0
1492192800 0 0 0 0
1492191000 0 0 0 0
1492189200 0 0 0 0
1492187400 0 0 0 0
1492185600 0 0 0 0
1492183800 0 0 0 0
1492182000 0 0 0 0
1492180200 0 0 0 0
1492178400 0 0 0 0
1492176600 0 0 0 0
1492174800 0 0 0 0
1492173000 0 0 0 0
1492171200 0 0 0 0
1492169400 0 0 0 0
1492167600 0 0 0 0
1492165800 0 0 0 0
1492164000 0 0 0 0
1492162200 0 0 0 0
1492160400 0 0 0 0
1492158600 0 0 0 0
1492156800 0 0 0 0
1492155000 0 0 0 0
1492153200 0 0 0 0
1492151400 0 0 0 0
1492149600 0 0 0 0
1492147800 0 0 0 0
1492146000 0 0 0 0
1492144200 0 0 0 0
1492142400 0 0 0 0
1492140600 0 0 0 0
1492138800 0 0 0 0
1492137000 0 0 0 0
1492135200 0 0 0 0
1492133400 0 0 0 0
1492131600 0 0 0 0
1492129800 0 0 0 0
1492128000 0 0 0 0
1492126200 0 0 0 0
1492124400 0 0 0 0
1492122600 0 0 0 0
1492120800 0 0 0 0
1492119000 0 0 0 0
1492117200 0 0 0 0
1492115400 0 0 0 0
1492113600 0 0 0 0
1492111800 0 0 0 0
1492110000 0 0 0 0
1492108200 0 0 0 0
1492106400 0 0 0 0
1492104600 0 0 0 0
1492102800 0 0 0 0
1492101000 0 0 0 0
1492099200 0 0 0 0
1492097400 0 0 0 0
1492095600 0 0 0 0
1492093800 0 0 0 0
1492092000 0 0 0 0
1492090200 0 0 0 0
1492088400 0 0 0 0
1492086600 0 0 0 0
1492084800 0 0 0 0
1492083000 0 0 0 0
1492081200 0 0 0 0
1492079400 0 0 0 0
1492077600 0 0 0 0
1492075800 0 0 0 0
1492074000 0 0 0 0
1492072200 0 0 0 0
1492070400 0 0 0 0
1492068600 0 0 0 0
1492066800 0 0 0 0
1492065000 0 0 0 0
1492063200 0 0 0 0
1492061400 0 0 0 0
1492059600 0 0 0 0
1492057800 0 0 0 0
1492056000 0 0 0 0
1492054200 0 0 0 0
1492052400 0 0 0 0
1492050600 0 0 0 0
1492048800 0 0 0 0
1492047000 0 0 0 0
1492045200 0 0 0 0
1492043400 0 0 0 0
1492041600 0 0 0 0
1492039800 0 0 0 0
1492038000 0 0 0 0
1492036200 0 0 0 0
1492034400 0 0 0 0
1492032600 0 0 0 0
1492030800 0 0 0 0
1492029000 0 0 0 0
1492027200 0 0 0 0
1492025400 0 0 0 0
1492023600 0 0 0 0
1492021800 0 0 0 0
1492020000 0 0 0 0
1492018200 0 0 0 0
1492016400 0 0 0 0
1492014600 0 0 0 0
1492012800 0 0 0 0
1492011000 0 0 0 0
1492009200 0 0 0 0
1492007400 0 0 0 0
1492005600 0 0 0 0
1492003800 0 0 0 0
1492002000 0 0 0 0
1492000200 0 0 0 0
1491998400 0 0 0 0
1491996600 0 0 0 0
1491994800 0 0 0 0
1491993000 0 0 0 0
1491991200 0 0 0 0
1491989400 0 0 0 0
1491987600 0 0 0 0
1491985800 0 0 0 0
1491984000 0 0 0 0
1491982200 0 0 0 0
1491980400 0 0 0 0
1491978600 0 0 0 0
1491976800 0 0 0 0
1491975000 0 0 0 0
1491973200 0 0 0 0
1491971400 0 0 0 0
1491969600 0 0 0 0
1491967800 0 0 0 0
1491966000 0 0 0 0
1491964200 0 0 0 0
1491962400 0 0 0 0
1491960600 0 0 0 0
1491958800 0 0 0 0
1491957000 0 0 0 0
1491955200 0 0 0 0
1491953400 0 0 0 0
1491951600 0 0 0 0
1491949800 0 0 0 0
1491948000 0 0 0 0
1491946200 0 0 0 0
1491944400 0 0 0 0
1491942600 0 0 0 0
1491940800 0 0 0 0
1491939000 0 0 0 0
1491937200 0 0 0 0
1491935400 0 0 0 0
1491933600 0 0 0 0
1491931800 0 0 0 0
1491930000 0 0 0 0
1491928200 0 0 0 0
1491926400 0 0 0 0
1491924600 0 0 0 0
1491922800 0 0 0 0
1491921000 0 0 0 0
1491919200 0 0 0 0
1491917400 0 0 0 0
1491915600 0 0 0 0
1491913800 0 0 0 0
1491912000 0 0 0 0
1491910200 0 0 0 0
1491908400 0 0 0 0
1491906600 0 0 0 0
1491904800 0 0 0 0
1491903000 0 0 0 0
1491901200 0 0 0 0
1491899400 0 0 0 0
1491897600 0 0 0 0
1491895800 0 0 0 0
1491894000 0 0 0 0
1491892200 0 0 0 0
1491890400 0 0 0 0
1491888600 0 0 0 0
1491886800 0 0 0 0
1491885000 0 0 0 0
1491883200 0 0 0 0
1491881400 0 0 0 0
1491879600 0 0 0 0
1491877800 0 0 0 0
1491876000 0 0 0 0
1491874200 0 0 0 0
1491872400 0 0 0 0
1491870600 0 0 0 0
1491868800 0 0 0 0
1491867000 0 0 0 0
1491865200 0 0 0 0
1491863400 0 0 0 0
1491861600 0 0 0 0
1491859800 0 0 0 0
1491858000 0 0 0 0
1491856200 0 0 0 0
1491854400 0 0 0 0
1491852600 0 0 0 0
1491850800 0 0 0 0
1491849000 0 0 0 0
1491847200 0 0 0 0
1491845400 0 0 0 0
1491843600 0 0 0 0
1491841800 0 0 0 0
1491840000 0 0 0 0
1491838200 0 0 0 0
1491836400 0 0 0 0
1491834600 0 0 0 0
1491832800 0 0 0 0
1491831000 0 0 0 0
1491829200 0 0 0 0
1491827400 0 0 0 0
1491825600 0 0 0 0
1491823800 0 0 0 0
1491822000 0 0 0 0
1491820200 0 0 0 0
1491818400 0 0 0 0
1491816600 0 0 0 0
1491814800 0 0 0 0
1491813000 0 0 0 0
1491811200 0 0 0 0
1491809400 0 0 0 0
1491807600 0 0 0 0
1491805800 0 0 0 0
1491804000 0 0 0 0
1491802200 0 0 0 0
1491800400 0 0 0 0
1491798600 0 0 0 0
1491796800 0 0 0 0
1491795000 0 0 0 0
1491793200 0 0 0 0
1491791400 0 0 0 0
1491789600 0 0 0 0
1491787800 0 0 0 0
1491786000 0 0 0 0
1491784200 0 0 0 0
1491782400 0 0 0 0
1491780600 0 0 0 0
1491778800 0 0 0 0
1491777000 0 0 0 0
1491775200 0 0 0 0
1491773400 0 0 0 0
1491771600 0 0 0 0
1491769800 0 0 0 0
1491768000 0 0 0 0
1491766200 0 0 0 0
1491764400 0 0 0 0
1491762600 0 0 0 0
1491760800 0 0 0 0
1491759000 0 0 0 0
1491757200 0 0 0 0
1491755400 0 0 0 0
1491753600 0 0 0 0
1491751800 0 0 0 0
1491750000 0 0 0 0
1491748200 0 0 0 0
1491746400 0 0 0 0
1491744600 0 0 0 0
1491742800 0 0 0 0
1491741000 0 0 0 0
1491739200 0 0 0 0
1491737400 0 0 0 0
1491735600 0 0 0 0
1491733800 0 0 0 0
1491732000 0 0 0 0
1491730200 0 0 0 0
1491728400 0 0 0 0
1491726600 0 0 0 0
1491724800 0 0 0 0
1491723000 0 0 0 0
1491721200 0 0 0 0
1491719400 0 0 0 0
1491717600 0 0 0 0
1491715800 0 0 0 0
1491714000 0 0 0 0
1491712200 0 0 0 0
1491710400 0 0 0 0
1491708600 0 0 0 0
1491706800 0 0 0 0
1491705000 0 0 0 0
1491703200 0 0 0 0
1491701400 0 0 0 0
1491699600 0 0 0 0
1491697800 0 0 0 0
1491696000 0 0 0 0
1491694200 0 0 0 0
1491692400 0 0 0 0
1491690600 0 0 0 0
1491688800 0 0 0 0
1491687000 0 0 0 0
1491685200 0 0 0 0
1491683400 0 0 0 0
1491681600 0 0 0 0
1491679800 0 0 0 0
1491678000 0 0 0 0
1491676200 0 0 0 0
1491674400 0 0 0 0
1491672600 0 0 0 0
1491670800 0 0 0 0
1491669000 0 0 0 0
1491667200 0 0 0 0
1491665400 0 0 0 0
1491663600 0 0 0 0
1491661800 0 0 0 0
1491660000 0 0 0 0
1491658200 0 0 0 0
1491656400 0 0 0 0
1491654600 0 0 0 0
1491652800 0 0 0 0
1491651000 0 0 0 0
1491649200 0 0 0 0
1491647400 0 0 0 0
1491645600 0 0 0 0
1491643800 0 0 0 0
1491642000 0 0 0 0
1491640200 0 0 0 0
1491638400 0 0 0 0
1491636600 0 0 0 0
1491634800 0 0 0 0
1491633000 0 0 0 0
1491631200 0 0 0 0
1491629400 0 0 0 0
1491627600 0 0 0 0
1491625800 0 0 0 0
1491624000 0 0 0 0
1491622200 0 0 0 0
1491620400 0 0 0 0
1491618600 0 0 0 0
1491616800 0 0 0 0
1491615000 0 0 0 0
1491613200 0 0 0 0
1491611400 0 0 0 0
1491609600 0 0 0 0
1491607800 0 0 0 0
1491606000 0 0 0 0
1491604200 0 0 0 0
1491602400 0 0 0 0
1491600600 0 0 0 0
1491598800 0 0 0 0
1491597000 0 0 0 0
1491595200 0 0 0 0
1491593400 0 0 0 0
1491591600 0 0 0 0
1491589800 0 0 0 0
1491588000 0 0 0 0
1491586200 0 0 0 0
1491584400 0 0 0 0
1491582600 0 0 0 0
1491580800 0 0 0 0
1491579000 0 0 0 0
1491577200 0 0 0 0
1491575400 0 0 0 0
1491573600 0 0 0 0
1491571800 0 0 0 0
1491570000 0 0 0 0
1491568200 0 0 0 0
1491566400 0 0 0 0
1491564600 0 0 0 0
1491562800 0 0 0 0
1491561000 0 0 0 0
1491559200 0 0 0 0
1491557400 0 0 0 0
1491555600 0 0 0 0
1491553800 0 0 0 0
1491552000 0 0 0 0
1491550200 0 0 0 0
1491548400 0 0 0 0
1491546600 0 0 0 0
1491544800 0 0 0 0
1491543000 0 0 0 0
1491541200 0 0 0 0
1491539400 0 0 0 0
1491537600 0 0 0 0
1491535800 0 0 0 0
1491534000 0 0 0 0
1491532200 0 0 0 0
1491530400 0 0 0 0
1491528600 0 0 0 0
1491526800 0 0 0 0
1491525000 0 0 0 0
1491523200 0 0 0 0
1491521400 0 0 0 0
1491519600 0 0 0 0
1491517800 0 0 0 0
1491516000 0 0 0 0
1491514200 0 0 0 0
1491512400 0 0 0 0
1491510600 0 0 0 0
1491508800 0 0 0 0
1491507000 0 0 0 0
1491505200 0 0 0 0
1491503400 0 0 0 0
1491501600 0 0 0 0
1491499800 0 0 0 0
1491498000 0 0 0 0
1491496200 0 0 0 0
1491494400 0 0 0 0
1491492600 0 0 0 0
1491490800 0 0 0 0
1491489000 0 0 0 0
1491487200 0 0 0 0
1491485400 0 0 0 0
1491483600 0 0 0 0
1491481800 0 0 0 0
1491480000 0 0 0 0
1491478200 0 0 0 0
1491476400 0 0 0 0
1491474600 0 0 0 0
1491472800 0 0 0 0
1491471000 0 0 0 0
1491469200 0 0 0 0
1491467400 0 0 0 0
1491465600 0 0 0 0
1491463800 0 0 0 0
1491462000 0 0 0 0
1491460200 0 0 0 0
1491458400 0 0 0 0
1491456600 0 0 0 0
1491454800 0 0 0 0
1491453000 0 0 0 0
1491451200 0 0 0 0
1491449400 0 0 0 0
1491447600 0 0 0 0
1491445800 0 0 0 0
1491444000 0 0 0 0
1491436800 0 0 0 0
1491429600 0 0 0 0
1491422400 0 0 0 0
1491415200 0 0 0 0
1491408000 0 0 0 0
1491400800 0 0 0 0
1491393600 0 0 0 0
1491386400 0 0 0 0
1491379200 0 0 0 0
1491372000 0 0 0 0
1491364800 0 0 0 0
1491357600 0 0 0 0
1491350400 0 0 0 0
1491343200 0 0 0 0
1491336000 0 0 0 0
1491328800 0 0 0 0
1491321600 0 0 0 0
1491314400 0 0 0 0
1491307200 0 0 0 0
1491300000 0 0 0 0
1491292800 0 0 0 0
1491285600 0 0 0 0
1491278400 0 0 0 0
1491271200 0 0 0 0
1491264000 0 0 0 0
1491256800 0 0 0 0
1491249600 0 0 0 0
1491242400 0 0 0 0
1491235200 0 0 0 0
1491228000 0 0 0 0
1491220800 0 0 0 0
1491213600 0 0 0 0
1491206400 0 0 0 0
1491199200 0 0 0 0
1491192000 0 0 0 0
1491184800 0 0 0 0
1491177600 0 0 0 0
1491170400 0 0 0 0
1491163200 0 0 0 0
1491156000 0 0 0 0
1491148800 0 0 0 0
1491141600 0 0 0 0
1491134400 0 0 0 0
1491127200 0 0 0 0
1491120000 0 0 0 0
1491112800 0 0 0 0
1491105600 0 0 0 0
1491098400 0 0 0 0
1491091200 0 0 0 0
1491084000 0 0 0 0
1491076800 0 0 0 0
1491069600 0 0 0 0
1491062400 0 0 0 0
1491055200 0 0 0 0
1491048000 0 0 0 0
1491040800 0 0 0 0
1491033600 0 0 0 0
1491026400 0 0 0 0
1491019200 0 0 0 0
1491012000 0 0 0 0
1491004800 0 0 0 0
1490997600 0 0 0 0
1490990400 0 0 0 0
1490983200 0 0 0 0
1490976000 0 0 0 0
1490968800 0 0 0 0
1490961600 0 0 0 0
1490954400 0 0 0 0
1490947200 0 0 0 0
1490940000 0 0 0 0
1490932800 0 0 0 0
1490925600 0 0 0 0
1490918400 0 0 0 0
1490911200 0 0 0 0
1490904000 0 0 0 0
1490896800 0 0 0 0
1490889600 0 0 0 0
1490882400 0 0 0 0
1490875200 0 0 0 0
1490868000 0 0 0 0
1490860800 0 0 0 0
1490853600 0 0 0 0
1490846400 0 0 0 0
1490839200 0 0 0 0
1490832000 0 0 0 0
1490824800 0 0 0 0
1490817600 0 0 0 0
1490810400 0 0 0 0
1490803200 0 0 0 0
1490796000 0 0 0 0
1490788800 0 0 0 0
1490781600 0 0 0 0
1490774400 0 0 0 0
1490767200 0 0 0 0
1490760000 0 0 0 0
1490752800 0 0 0 0
1490745600 0 0 0 0
1490738400 0 0 0 0
1490731200 0 0 0 0
1490724000 0 0 0 0
1490716800 0 0 0 0
1490709600 0 0 0 0
1490702400 0 0 0 0
1490695200 0 0 0 0
1490688000 0 0 0 0
1490680800 0 0 0 0
1490673600 0 0 0 0
1490666400 0 0 0 0
1490659200 0 0 0 0
1490652000 0 0 0 0
1490644800 0 0 0 0
1490637600 0 0 0 0
1490630400 0 0 0 0
1490623200 0 0 0 0
1490616000 0 0 0 0
1490608800 0 0 0 0
1490601600 0 0 0 0
1490594400 0 0 0 0
1490587200 0 0 0 0
1490580000 0 0 0 0
1490572800 0 0 0 0
1490565600 0 0 0 0
1490558400 0 0 0 0
1490551200 0 0 0 0
1490544000 0 0 0 0
1490536800 0 0 0 0
1490529600 0 0 0 0
1490522400 0 0 0 0
1490515200 0 0 0 0
1490508000 0 0 0 0
1490500800 0 0 0 0
1490493600 0 0 0 0
1490486400 0 0 0 0
1490479200 0 0 0 0
1490472000 0 0 0 0
1490464800 0 0 0 0
1490457600 0 0 0 0
1490450400 0 0 0 0
1490443200 0 0 0 0
1490436000 0 0 0 0
1490428800 0 0 0 0
1490421600 0 0 0 0
1490414400 0 0 0 0
1490407200 0 0 0 0
1490400000 0 0 0 0
1490392800 0 0 0 0
1490385600 0 0 0 0
1490378400 0 0 0 0
1490371200 0 0 0 0
1490364000 0 0 0 0
1490356800 0 0 0 0
1490349600 0 0 0 0
1490342400 0 0 0 0
1490335200 0 0 0 0
1490328000 0 0 0 0
1490320800 0 0 0 0
1490313600 0 0 0 0
1490306400 0 0 0 0
1490299200 0 0 0 0
1490292000 0 0 0 0
1490284800 0 0 0 0
1490277600 0 0 0 0
1490270400 0 0 0 0
1490263200 0 0 0 0
1490256000 0 0 0 0
1490248800 0 0 0 0
1490241600 0 0 0 0
1490234400 0 0 0 0
1490227200 0 0 0 0
1490220000 0 0 0 0
1490212800 0 0 0 0
1490205600 0 0 0 0
1490198400 0 0 0 0
1490191200 0 0 0 0
1490184000 0 0 0 0
1490176800 0 0 0 0
1490169600 0 0 0 0
1490162400 0 0 0 0
1490155200 0 0 0 0
1490148000 0 0 0 0
1490140800 0 0 0 0
1490133600 0 0 0 0
1490126400 0 0 0 0
1490119200 0 0 0 0
1490112000 0 0 0 0
1490104800 0 0 0 0
1490097600 0 0 0 0
1490090400 0 0 0 0
1490083200 0 0 0 0
1490076000 0 0 0 0
1490068800 0 0 0 0
1490061600 0 0 0 0
1490054400 0 0 0 0
1490047200 0 0 0 0
1490040000 0 0 0 0
1490032800 0 0 0 0
1490025600 0 0 0 0
1490018400 0 0 0 0
1490011200 0 0 0 0
1490004000 0 0 0 0
1489996800 0 0 0 0
1489989600 0 0 0 0
1489982400 0 0 0 0
1489975200 0 0 0 0
1489968000 0 0 0 0
1489960800 0 0 0 0
1489953600 0 0 0 0
1489946400 0 0 0 0
1489939200 0 0 0 0
1489932000 0 0 0 0
1489924800 0 0 0 0
1489917600 0 0 0 0
1489910400 0 0 0 0
1489903200 0 0 0 0
1489896000 0 0 0 0
1489888800 0 0 0 0
1489881600 0 0 0 0
1489874400 0 0 0 0
1489867200 0 0 0 0
1489860000 0 0 0 0
1489852800 0 0 0 0
1489845600 0 0 0 0
1489838400 0 0 0 0
1489831200 0 0 0 0
1489824000 0 0 0 0
1489816800 0 0 0 0
1489809600 0 0 0 0
1489802400 0 0 0 0
1489795200 0 0 0 0
1489788000 0 0 0 0
1489780800 0 0 0 0
1489773600 0 0 0 0
1489766400 0 0 0 0
1489759200 0 0 0 0
1489752000 0 0 0 0
1489744800 0 0 0 0
1489737600 0 0 0 0
1489730400 0 0 0 0
1489723200 0 0 0 0
1489716000 0 0 0 0
1489708800 0 0 0 0
1489701600 0 0 0 0
1489694400 0 0 0 0
1489687200 0 0 0 0
1489680000 0 0 0 0
1489672800 0 0 0 0
1489665600 0 0 0 0
1489658400 0 0 0 0
1489651200 0 0 0 0
1489644000 0 0 0 0
1489636800 0 0 0 0
1489629600 0 0 0 0
1489622400 0 0 0 0
1489615200 0 0 0 0
1489608000 0 0 0 0
1489600800 0 0 0 0
1489593600 0 0 0 0
1489586400 0 0 0 0
1489579200 0 0 0 0
1489572000 0 0 0 0
1489564800 0 0 0 0
1489557600 0 0 0 0
1489550400 0 0 0 0
1489543200 0 0 0 0
1489536000 0 0 0 0
1489528800 0 0 0 0
1489521600 0 0 0 0
1489514400 0 0 0 0
1489507200 0 0 0 0
1489500000 0 0 0 0
1489492800 0 0 0 0
1489485600 0 0 0 0
1489478400 0 0 0 0
1489471200 0 0 0 0
1489464000 0 0 0 0
1489456800 0 0 0 0
1489449600 0 0 0 0
1489442400 0 0 0 0
1489435200 0 0 0 0
1489428000 0 0 0 0
1489420800 0 0 0 0
1489413600 0 0 0 0
1489406400 0 0 0 0
1489399200 0 0 0 0
1489392000 0 0 0 0
1489384800 0 0 0 0
1489377600 0 0 0 0
1489370400 0 0 0 0
1489363200 0 0 0 0
1489356000 0 0 0 0
1489348800 0 0 0 0
1489341600 0 0 0 0
1489334400 0 0 0 0
1489327200 0 0 0 0
1489320000 0 0 0 0
1489312800 0 0 0 0
1489305600 0 0 0 0
1489298400 0 0 0 0
1489291200 0 0 0 0
1489284000 0 0 0 0
1489276800 0 0 0 0
1489269600 0 0 0 0
1489262400 0 0 0 0
1489255200 0 0 0 0
1489248000 0 0 0 0
1489240800 0 0 0 0
1489233600 0 0 0 0
1489226400 0 0 0 0
1489219200 0 0 0 0
1489212000 0 0 0 0
1489204800 0 0 0 0
1489197600 0 0 0 0
1489190400 0 0 0 0
1489183200 0 0 0 0
1489176000 0 0 0 0
1489168800 0 0 0 0
1489161600 0 0 0 0
1489154400 0 0 0 0
1489147200 0 0 0 0
1489140000 0 0 0 0
1489132800 0 0 0 0
1489125600 0 0 0 0
1489118400 0 0 0 0
1489111200 0 0 0 0
1489104000 0 0 0 0
1489096800 0 0 0 0
1489089600 0 0 0 0
1489082400 0 0 0 0
1489075200 0 0 0 0
1489068000 0 0 0 0
1489060800 0 0 0 0
1489053600 0 0 0 0
1489046400 0 0 0 0
1489039200 0 0 0 0
1489032000 0 0 0 0
1489024800 0 0 0 0
1489017600 0 0 0 0
1489010400 0 0 0 0
1489003200 0 0 0 0
1488996000 0 0 0 0
1488988800 0 0 0 0
1488981600 0 0 0 0
1488974400 0 0 0 0
1488967200 0 0 0 0
1488960000 0 0 0 0
1488952800 0 0 0 0
1488945600 0 0 0 0
1488938400 0 0 0 0
1488931200 0 0 0 0
1488924000 0 0 0 0
1488916800 0 0 0 0
1488909600 0 0 0 0
1488902400 0 0 0 0
1488895200 0 0 0 0
1488888000 0 0 0 0
1488880800 0 0 0 0
1488873600 0 0 0 0
1488866400 0 0 0 0
1488859200 0 0 0 0
1488852000 0 0 0 0
1488844800 0 0 0 0
1488837600 0 0 0 0
1488830400 0 0 0 0
1488823200 0 0 0 0
1488816000 0 0 0 0
1488808800 0 0 0 0
1488801600 0 0 0 0
1488794400 0 0 0 0
1488787200 0 0 0 0
1488780000 0 0 0 0
1488772800 0 0 0 0
1488765600 0 0 0 0
1488758400 0 0 0 0
1488751200 0 0 0 0
1488744000 0 0 0 0
1488736800 0 0 0 0
1488729600 0 0 0 0
1488722400 0 0 0 0
1488715200 0 0 0 0
1488708000 0 0 0 0
1488700800 0 0 0 0
1488693600 0 0 0 0
1488686400 0 0 0 0
1488679200 0 0 0 0
1488672000 0 0 0 0
1488664800 0 0 0 0
1488657600 0 0 0 0
1488650400 0 0 0 0
1488643200 0 0 0 0
1488636000 0 0 0 0
1488628800 0 0 0 0
1488621600 0 0 0 0
1488614400 0 0 0 0
1488607200 0 0 0 0
1488600000 0 0 0 0
1488592800 0 0 0 0
1488585600 0 0 0 0
1488578400 0 0 0 0
1488571200 0 0 0 0
1488564000 0 0 0 0
1488556800 0 0 0 0
1488549600 0 0 0 0
1488542400 0 0 0 0
1488535200 0 0 0 0
1488528000 0 0 0 0
1488520800 0 0 0 0
1488513600 0 0 0 0
1488506400 0 0 0 0
1488499200 0 0 0 0
1488492000 0 0 0 0
1488484800 0 0 0 0
1488477600 0 0 0 0
1488470400 0 0 0 0
1488463200 0 0 0 0
1488456000 0 0 0 0
1488448800 0 0 0 0
1488441600 0 0 0 0
1488434400 0 0 0 0
1488427200 0 0 0 0
1488420000 0 0 0 0
1488412800 0 0 0 0
1488405600 0 0 0 0
1488398400 0 0 0 0
1488391200 0 0 0 0
1488384000 0 0 0 0
1488376800 0 0 0 0
1488369600 0 0 0 0
1488362400 0 0 0 0
1488355200 0 0 0 0
1488348000 0 0 0 0
1488340800 0 0 0 0
1488333600 0 0 0 0
1488326400 0 0 0 0
1488319200 0 0 0 0
1488312000 0 0 0 0
1488304800 0 0 0 0
1488297600 0 0 0 0
1488290400 0 0 0 0
1488283200 0 0 0 0
1488276000 0 0 0 0
1488268800 0 0 0 0
1488261600 0 0 0 0
1488254400 0 0 0 0
1488247200 0 0 0 0
1488240000 0 0 0 0
1488232800 0 0 0 0
1488225600 0 0 0 0
1488218400 0 0 0 0
1488211200 0 0 0 0
1488204000 0 0 0 0
1488196800 0 0 0 0
1488189600 0 0 0 0
1488182400 0 0 0 0
1488175200 0 0 0 0
1488168000 0 0 0 0
1488160800 0 0 0 0
1488153600 0 0 0 0
1488146400 0 0 0 0
1488139200 0 0 0 0
1488132000 0 0 0 0
1488124800 0 0 0 0
1488117600 0 0 0 0
1488110400 0 0 0 0
1488103200 0 0 0 0
1488096000 0 0 0 0
1488088800 0 0 0 0
1488081600 0 0 0 0
1488074400 0 0 0 0
1488067200 0 0 0 0
1488060000 0 0 0 0
1488052800 0 0 0 0
1488045600 0 0 0 0
1488038400 0 0 0 0
1488031200 0 0 0 0
1488024000 0 0 0 0
1488016800 0 0 0 0
1488009600 0 0 0 0
1488002400 0 0 0 0
1487995200 0 0 0 0
1487988000 0 0 0 0
1487980800 0 0 0 0
1487973600 0 0 0 0
1487966400 0 0 0 0
1487959200 0 0 0 0
1487952000 0 0 0 0
1487944800 0 0 0 0
1487937600 0 0 0 0
1487930400 0 0 0 0
1487923200 0 0 0 0
1487916000 0 0 0 0
1487908800 0 0 0 0
1487901600 0 0 0 0
1487894400 0 0 0 0
1487887200 0 0 0 0
1487880000 0 0 0 0
1487872800 0 0 0 0
1487865600 0 0 0 0
1487858400 0 0 0 0
1487851200 0 0 0 0
1487844000 0 0 0 0
1487836800 0 0 0 0
1487829600 0 0 0 0
1487822400 0 0 0 0
1487815200 0 0 0 0
1487808000 0 0 0 0
1487800800 0 0 0 0
1487793600 0 0 0 0
1487786400 0 0 0 0
1487779200 0 0 0 0
1487772000 0 0 0 0
1487764800 0 0 0 0
1487757600 0 0 0 0
1487750400 0 0 0 0
1487743200 0 0 0 0
1487736000 0 0 0 0
1487728800 0 0 0 0
1487721600 0 0 0 0
1487714400 0 0 0 0
1487707200 0 0 0 0
1487700000 0 0 0 0
1487692800 0 0 0 0
1487685600 0 0 0 0
1487678400 0 0 0 0
1487671200 0 0 0 0
1487664000 0 0 0 0
1487656800 0 0 0 0
1487649600 0 0 0 0
1487642400 0 0 0 0
1487635200 0 0 0 0
1487628000 0 0 0 0
1487620800 0 0 0 0
1487613600 0 0 0 0
1487606400 0 0 0 0
1487599200 0 0 0 0
1487592000 0 0 0 0
1487584800 0 0 0 0
1487577600 0 0 0 0
1487570400 0 0 0 0
1487563200 0 0 0 0
1487556000 0 0 0 0
1487548800 0 0 0 0
1487541600 0 0 0 0
1487534400 0 0 0 0
1487527200 0 0 0 0
1487520000 0 0 0 0
1487512800 0 0 0 0
1487505600 0 0 0 0
1487498400 0 0 0 0
1487491200 0 0 0 0
1487484000 0 0 0 0
1487476800 0 0 0 0
1487469600 0 0 0 0
1487462400 0 0 0 0
1487455200 0 0 0 0
1487448000 0 0 0 0
1487440800 0 0 0 0
1487433600 0 0 0 0
1487426400 0 0 0 0
1487419200 0 0 0 0
1487412000 0 0 0 0
1487404800 0 0 0 0
1487397600 0 0 0 0
1487390400 0 0 0 0
1487383200 0 0 0 0
1487376000 0 0 0 0
1487368800 0 0 0 0
1487361600 0 0 0 0
1487354400 0 0 0 0
1487347200 0 0 0 0
1487340000 0 0 0 0
1487332800 0 0 0 0
1487325600 0 0 0 0
1487318400 0 0 0 0
1487311200 0 0 0 0
1487304000 0 0 0 0
1487296800 0 0 0 0
1487289600 0 0 0 0
1487282400 0 0 0 0
1487275200 0 0 0 0
1487268000 0 0 0 0
1487260800 0 0 0 0
1487253600 0 0 0 0
1487246400 0 0 0 0
1487239200 0 0 0 0
1487232000 0 0 0 0
1487224800 0 0 0 0
1487217600 0 0 0 0
1487210400 0 0 0 0
1487203200 0 0 0 0
1487196000 0 0 0 0
1487188800 0 0 0 0
1487181600 0 0 0 0
1487174400 0 0 0 0
1487167200 0 0 0 0
1487160000 0 0 0 0
1487152800 0 0 0 0
1487145600 0 0 0 0
1487138400 0 0 0 0
1487131200 0 0 0 0
1487124000 0 0 0 0
1487116800 0 0 0 0
1487030400 0 0 0 0
1486944000 0 0 0 0
1486857600 0 0 0 0
1486771200 0 0 0 0
1486684800 0 0 0 0
1486598400 0 0 0 0
1486512000 0 0 0 0
1486425600 0 0 0 0
1486339200 0 0 0 0
1486252800 0 0 0 0
1486166400 0 0 0 0
1486080000 0 0 0 0
1485993600 0 0 0 0
1485907200 0 0 0 0
1485820800 0 0 0 0
1485734400 0 0 0 0
1485648000 0 0 0 0
1485561600 0 0 0 0
1485475200 0 0 0 0
1485388800 0 0 0 0
1485302400 0 0 0 0
1485216000 0 0 0 0
1485129600 0 0 0 0
1485043200 0 0 0 0
1484956800 0 0 0 0
1484870400 0 0 0 0
1484784000 0 0 0 0
1484697600 0 0 0 0
1484611200 0 0 0 0
1484524800 0 0 0 0
1484438400 0 0 0 0
1484352000 0 0 0 0
1484265600 0 0 0 0
1484179200 0 0 0 0
1484092800 0 0 0 0
1484006400 0 0 0 0
1483920000 0 0 0 0
1483833600 0 0 0 0
1483747200 0 0 0 0
1483660800 0 0 0 0
1483574400 0 0 0 0
1483488000 0 0 0 0
1483401600 0 0 0 0
1483315200 0 0 0 0
1483228800 0 0 0 0
1483142400 0 0 0 0
1483056000 0 0 0 0
1482969600 0 0 0 0
1482883200 0 0 0 0
1482796800 0 0 0 0
1482710400 0 0 0 0
1482624000 0 0 0 0
1482537600 0 0 0 0
1482451200 0 0 0 0
1482364800 0 0 0 0
1482278400 0 0 0 0
1482192000 0 0 0 0
1482105600 0 0 0 0
1482019200 0 0 0 0
1481932800 0 0 0 0
1481846400 0 0 0 0
1481760000 0 0 0 0
1481673600 0 0 0 0
1481587200 0 0 0 0
1481500800 0 0 0 0
1481414400 0 0 0 0
1481328000 0 0 0 0
1481241600 0 0 0 0
1481155200 0 0 0 0
1481068800 0 0 0 0
1480982400 0 0 0 0
1480896000 0 0 0 0
1480809600 0 0 0 0
1480723200 0 0 0 0
1480636800 0 0 0 0
1480550400 0 0 0 0
1480464000 0 0 0 0
1480377600 0 0 0 0
1480291200 0 0 0 0
1480204800 0 0 0 0
1480118400 0 0 0 0
1480032000 0 0 0 0
1479945600 0 0 0 0
1479859200 0 0 0 0
1479772800 0 0 0 0
1479686400 0 0 0 0
1479600000 0 0 0 0
1479513600 0 0 0 0
1479427200 0 0 0 0
1479340800 0 0 0 0
1479254400 0 0 0 0
1479168000 0 0 0 0
1479081600 0 0 0 0
1478995200 0 0 0 0
1478908800 0 0 0 0
1478822400 0 0 0 0
1478736000 0 0 0 0
1478649600 0 0 0 0
1478563200 0 0 0 0
1478476800 0 0 0 0
1478390400 0 0 0 0
1478304000 0 0 0 0
1478217600 0 0 0 0
1478131200 0 0 0 0
1478044800 0 0 0 0
1477958400 0 0 0 0
1477872000 0 0 0 0
1477785600 0 0 0 0
1477699200 0 0 0 0
1477612800 0 0 0 0
1477526400 0 0 0 0
1477440000 0 0 0 0
1477353600 0 0 0 0
1477267200 0 0 0 0
1477180800 0 0 0 0
1477094400 0 0 0 0
1477008000 0 0 0 0
1476921600 0 0 0 0
1476835200 0 0 0 0
1476748800 0 0 0 0
1476662400 0 0 0 0
1476576000 0 0 0 0
1476489600 0 0 0 0
1476403200 0 0 0 0
1476316800 0 0 0 0
1476230400 0 0 0 0
1476144000 0 0 0 0
1476057600 0 0 0 0
1475971200 0 0 0 0
1475884800 0 0 0 0
1475798400 0 0 0 0
1475712000 0 0 0 0
1475625600 0 0 0 0
1475539200 0 0 0 0
1475452800 0 0 0 0
1475366400 0 0 0 0
1475280000 0 0 0 0
1475193600 0 0 0 0
1475107200 0 0 0 0
1475020800 0 0 0 0
1474934400 0 0 0 0
1474848000 0 0 0 0
1474761600 0 0 0 0
1474675200 0 0 0 0
1474588800 0 0 0 0
1474502400 0 0 0 0
1474416000 0 0 0 0
1474329600 0 0 0 0
1474243200 0 0 0 0
1474156800 0 0 0 0
1474070400 0 0 0 0
1473984000 0 0 0 0
1473897600 0 0 0 0
1473811200 0 0 0 0
1473724800 0 0 0 0
1473638400 0 0 0 0
1473552000 0 0 0 0
1473465600 0 0 0 0
1473379200 0 0 0 0
1473292800 0 0 0 0
1473206400 0 0 0 0
1473120000 0 0 0 0
1473033600 0 0 0 0
1472947200 0 0 0 0
1472860800 0 0 0 0
1472774400 0 0 0 0
1472688000 0 0 0 0
1472601600 0 0 0 0
1472515200 0 0 0 0
1472428800 0 0 0 0
1472342400 0 0 0 0
1472256000 0 0 0 0
1472169600 0 0 0 0
1472083200 0 0 0 0
1471996800 0 0 0 0
1471910400 0 0 0 0
1471824000 0 0 0 0
1471737600 0 0 0 0
1471651200 0 0 0 0
1471564800 0 0 0 0
1471478400 0 0 0 0
1471392000 0 0 0 0
1471305600 0 0 0 0
1471219200 0 0 0 0
1471132800 0 0 0 0
1471046400 0 0 0 0
1470960000 0 0 0 0
1470873600 0 0 0 0
1470787200 0 0 0 0
1470700800 0 0 0 0
1470614400 0 0 0 0
1470528000 0 0 0 0
1470441600 0 0 0 0
1470355200 0 0 0 0
1470268800 0 0 0 0
1470182400 0 0 0 0
1470096000 0 0 0 0
1470009600 0 0 0 0
1469923200 0 0 0 0
1469836800 0 0 0 0
1469750400 0 0 0 0
1469664000 0 0 0 0
1469577600 0 0 0 0
1469491200 0 0 0 0
1469404800 0 0 0 0
1469318400 0 0 0 0
1469232000 0 0 0 0
1469145600 0 0 0 0
1469059200 0 0 0 0
1468972800 0 0 0 0
1468886400 0 0 0 0
1468800000 0 0 0 0
1468713600 0 0 0 0
1468627200 0 0 0 0
1468540800 0 0 0 0
1468454400 0 0 0 0
1468368000 0 0 0 0
1468281600 0 0 0 0
1468195200 0 0 0 0
1468108800 0 0 0 0
1468022400 0 0 0 0
1467936000 0 0 0 0
1467849600 0 0 0 0
1467763200 0 0 0 0
1467676800 0 0 0 0
1467590400 0 0 0 0
1467504000 0 0 0 0
1467417600 0 0 0 0
1467331200 0 0 0 0
1467244800 0 0 0 0
1467158400 0 0 0 0
1467072000 0 0 0 0
1466985600 0 0 0 0
1466899200 0 0 0 0
1466812800 0 0 0 0
1466726400 0 0 0 0
1466640000 0 0 0 0
1466553600 0 0 0 0
1466467200 0 0 0 0
1466380800 0 0 0 0
1466294400 0 0 0 0
1466208000 0 0 0 0
1466121600 0 0 0 0
1466035200 0 0 0 0
1465948800 0 0 0 0
1465862400 0 0 0 0
1465776000 0 0 0 0
1465689600 0 0 0 0
1465603200 0 0 0 0
1465516800 0 0 0 0
1465430400 0 0 0 0
1465344000 0 0 0 0
1465257600 0 0 0 0
1465171200 0 0 0 0
1465084800 0 0 0 0
1464998400 0 0 0 0
1464912000 0 0 0 0
1464825600 0 0 0 0
1464739200 0 0 0 0
1464652800 0 0 0 0
1464566400 0 0 0 0
1464480000 0 0 0 0
1464393600 0 0 0 0
1464307200 0 0 0 0
1464220800 0 0 0 0
1464134400 0 0 0 0
1464048000 0 0 0 0
1463961600 0 0 0 0
1463875200 0 0 0 0
1463788800 0 0 0 0
1463702400 0 0 0 0
1463616000 0 0 0 0
1463529600 0 0 0 0
1463443200 0 0 0 0
1463356800 0 0 0 0
1463270400 0 0 0 0
1463184000 0 0 0 0
1463097600 0 0 0 0
1463011200 0 0 0 0
1462924800 0 0 0 0
1462838400 0 0 0 0
1462752000 0 0 0 0
1462665600 0 0 0 0
1462579200 0 0 0 0
1462492800 0 0 0 0
1462406400 0 0 0 0
1462320000 0 0 0 0
1462233600 0 0 0 0
1462147200 0 0 0 0
1462060800 0 0 0 0
1461974400 0 0 0 0
1461888000 0 0 0 0
1461801600 0 0 0 0
1461715200 0 0 0 0
1461628800 0 0 0 0
1461542400 0 0 0 0
1461456000 0 0 0 0
1461369600 0 0 0 0
1461283200 0 0 0 0
1461196800 0 0 0 0
1461110400 0 0 0 0
1461024000 0 0 0 0
1460937600 0 0 0 0
1460851200 0 0 0 0
1460764800 0 0 0 0
1460678400 0 0 0 0
1460592000 0 0 0 0
1460505600 0 0 0 0
1460419200 0 0 0 0
1460332800 0 0 0 0
1460246400 0 0 0 0
1460160000 0 0 0 0
1460073600 0 0 0 0
1459987200 0 0 0 0
1459900800 0 0 0 0
1459814400 0 0 0 0
1459728000 0 0 0 0
1459641600 0 0 0 0
1459555200 0 0 0 0
1459468800 0 0 0 0
1459382400 0 0 0 0
1459296000 0 0 0 0
1459209600 0 0 0 0
1459123200 0 0 0 0
1459036800 0 0 0 0
1458950400 0 0 0 0
1458864000 0 0 0 0
1458777600 0 0 0 0
1458691200 0 0 0 0
1458604800 0 0 0 0
1458518400 0 0 0 0
1458432000 0 0 0 0
1458345600 0 0 0 0
1458259200 0 0 0 0
1458172800 0 0 0 0
1458086400 0 0 0 0
1458000000 0 0 0 0
1457913600 0 0 0 0
1457827200 0 0 0 0
1457740800 0 0 0 0
1457654400 0 0 0 0
1457568000 0 0 0 0
1457481600 0 0 0 0
1457395200 0 0 0 0
1457308800 0 0 0 0
1457222400 0 0 0 0
1457136000 0 0 0 0
1457049600 0 0 0 0
1456963200 0 0 0 0
1456876800 0 0 0 0
1456790400 0 0 0 0
1456704000 0 0 0 0
1456617600 0 0 0 0
1456531200 0 0 0 0
1456444800 0 0 0 0
1456358400 0 0 0 0
1456272000 0 0 0 0
1456185600 0 0 0 0
1456099200 0 0 0 0
1456012800 0 0 0 0
1455926400 0 0 0 0
1455840000 0 0 0 0
1455753600 0 0 0 0
1455667200 0 0 0 0
1455580800 0 0 0 0
1455494400 0 0 0 0
1455408000 0 0 0 0
1455321600 0 0 0 0
1455235200 0 0 0 0
1455148800 0 0 0 0
1455062400 0 0 0 0
1454976000 0 0 0 0
1454889600 0 0 0 0
1454803200 0 0 0 0
1454716800 0 0 0 0
1454630400 0 0 0 0
1454544000 0 0 0 0
1454457600 0 0 0 0
1454371200 0 0 0 0
1454284800 0 0 0 0
1454198400 0 0 0 0
1454112000 0 0 0 0
1454025600 0 0 0 0
1453939200 0 0 0 0
1453852800 0 0 0 0
1453766400 0 0 0 0
1453680000 0 0 0 0
1453593600 0 0 0 0
1453507200 0 0 0 0
1453420800 0 0 0 0
1453334400 0 0 0 0
1453248000 0 0 0 0
1453161600 0 0 0 0
1453075200 0 0 0 0
1452988800 0 0 0 0
1452902400 0 0 0 0
1452816000 0 0 0 0
1452729600 0 0 0 0
1452643200 0 0 0 0
1452556800 0 0 0 0
1452470400 0 0 0 0
1452384000 0 0 0 0
1452297600 0 0 0 0
1452211200 0 0 0 0
1452124800 0 0 0 0
1452038400 0 0 0 0
1451952000 0 0 0 0
1451865600 0 0 0 0
1451779200 0 0 0 0
1451692800 0 0 0 0
1451606400 0 0 0 0
1451520000 0 0 0 0
1451433600 0 0 0 0
1451347200 0 0 0 0
1451260800 0 0 0 0
1451174400 0 0 0 0
1451088000 0 0 0 0
1451001600 0 0 0 0
1450915200 0 0 0 0
1450828800 0 0 0 0
1450742400 0 0 0 0
1450656000 0 0 0 0
1450569600 0 0 0 0
1450483200 0 0 0 0
1450396800 0 0 0 0
1450310400 0 0 0 0
1450224000 0 0 0 0
1450137600 0 0 0 0
1450051200 0 0 0 0
1449964800 0 0 0 0
1449878400 0 0 0 0
1449792000 0 0 0 0
1449705600 0 0 0 0
1449619200 0 0 0 0
1449532800 0 0 0 0
1449446400 0 0 0 0
1449360000 0 0 0 0
1449273600 0 0 0 0
1449187200 0 0 0 0
1449100800 0 0 0 0
1449014400 0 0 0 0
1448928000 0 0 0 0
1448841600 0 0 0 0
1448755200 0 0 0 0
1448668800 0 0 0 0
1448582400 0 0 0 0
1448496000 0 0 0 0
1448409600 0 0 0 0
1448323200 0 0 0 0
1448236800 0 0 0 0
1448150400 0 0 0 0
1448064000 0 0 0 0
1447977600 0 0 0 0
1447891200 0 0 0 0
1447804800 0 0 0 0
1447718400 0 0 0 0
1447632000 0 0 0 0
1447545600 0 0 0 0
1447459200 0 0 0 0
1447372800 0 0 0 0
1447286400 0 0 0 0
1447200000 0 0 0 0
1447113600 0 0 0 0
1447027200 0 0 0 0
1446940800 0 0 0 0
1446854400 0 0 0 0
1446768000 0 0 0 0
1446681600 0 0 0 0
1446595200 0 0 0 0
1446508800 0 0 0 0
1446422400 0 0 0 0
1446336000 0 0 0 0
1446249600 0 0 0 0
1446163200 0 0 0 0
1446076800 0 0 0 0
1445990400 0 0 0 0
1445904000 0 0 0 0
1445817600 0 0 0 0
1445731200 0 0 0 0
1445644800 0 0 0 0
1445558400 0 0 0 0
1445472000 0 0 0 0
1445385600 0 0 0 0
1445299200 0 0 0 0
1445212800 0 0 0 0
1445126400 0 0 0 0
1445040000 0 0 0 0
1444953600 0 0 0 0
1444867200 0 0 0 0
1444780800 0 0 0 0
1444694400 0 0 0 0
1444608000 0 0 0 0
1444521600 0 0 0 0
1444435200 0 0 0 0
1444348800 0 0 0 0
1444262400 0 0 0 0
1444176000 0 0 0 0
1444089600 0 0 0 0
1444003200 0 0 0 0
1443916800 0 0 0 0
1443830400 0 0 0 0
1443744000 0 0 0 0
1443657600 0 0 0 0
1443571200 0 0 0 0
1443484800 0 0 0 0
1443398400 0 0 0 0
1443312000 0 0 0 0
1443225600 0 0 0 0
1443139200 0 0 0 0
1443052800 0 0 0 0
1442966400 0 0 0 0
1442880000 0 0 0 0
1442793600 0 0 0 0
1442707200 0 0 0 0
1442620800 0 0 0 0
1442534400 0 0 0 0
1442448000 0 0 0 0
1442361600 0 0 0 0
1442275200 0 0 0 0
1442188800 0 0 0 0
1442102400 0 0 0 0
1442016000 0 0 0 0
1441929600 0 0 0 0
1441843200 0 0 0 0
1441756800 0 0 0 0
1441670400 0 0 0 0
1441584000 0 0 0 0
1441497600 0 0 0 0
1441411200 0 0 0 0
1441324800 0 0 0 0
1441238400 0 0 0 0
1441152000 0 0 0 0
1441065600 0 0 0 0
1440979200 0 0 0 0
1440892800 0 0 0 0
1440806400 0 0 0 0
1440720000 0 0 0 0
1440633600 0 0 0 0
1440547200 0 0 0 0
1440460800 0 0 0 0
1440374400 0 0 0 0
1440288000 0 0 0 0
1440201600 0 0 0 0
1440115200 0 0 0 0
1440028800 0 0 0 0
1439942400 0 0 0 0
1439856000 0 0 0 0
1439769600 0 0 0 0
1439683200 0 0 0 0
1439596800 0 0 0 0
1439510400 0 0 0 0
1439424000 0 0 0 0
1439337600 0 0 0 0
1439251200 0 0 0 0
1439164800 0 0 0 0
1439078400 0 0 0 0
1438992000 0 0 0 0
1438905600 0 0 0 0
1438819200 0 0 0 0
1438732800 0 0 0 0
1438646400 0 0 0 0
1438560000 0 0 0 0
1438473600 0 0 0 0
1438387200 0 0 0 0
1438300800 0 0 0 0
1438214400 0 0 0 0
1438128000 0 0 0 0
1438041600 0 0 0 0
1437955200 0 0 0 0
1437868800 0 0 0 0
1437782400 0 0 0 0
1437696000 0 0 0 0
1437609600 0 0 0 0
1437523200 0 0 0 0
1437436800 0 0 0 0
1437350400 0 0 0 0
1437264000 0 0 0 0
1437177600 0 0 0 0
1437091200 0 0 0 0
1437004800 0 0 0 0
1436918400 0 0 0 0
1436832000 0 0 0 0
1436745600 0 0 0 0
1436659200 0 0 0 0
1436572800 0 0 0 0
1436486400 0 0 0 0
1436400000 0 0 0 0
1436313600 0 0 0 0
1436227200 0 0 0 0
1436140800 0 0 0 0
1436054400 0 0 0 0
1435968000 0 0 0 0
1435881600 0 0 0 0
1435795200 0 0 0 0
1435708800 0 0 0 0
1435622400 0 0 0 0
1435536000 0 0 0 0
1435449600 0 0 0 0
1435363200 0 0 0 0
1435276800 0 0 0 0
1435190400 0 0 0 0
1435104000 0 0 0 0
1435017600 0 0 0 0
1434931200 0 0 0 0
1434844800 0 0 0 0
1434758400 0 0 0 0
1434672000 0 0 0 0
1434585600 0 0 0 0
1434499200 0 0 0 0
1434412800 0 0 0 0
1434326400 0 0 0 0
1434240000 0 0 0 0
1434153600 0 0 0 0
1434067200 0 0 0 0
1433980800 0 0 0 0
1433894400 0 0 0 0
1433808000 0 0 0 0
1433721600 0 0 0 0
1433635200 0 0 0 0
1433548800 0 0 0 0
1433462400 0 0 0 0
1433376000 0 0 0 0
1433289600 0 0 0 0
1433203200 0 0 0 0
1433116800 0 0 0 0
1433030400 0 0 0 0
1432944000 0 0 0 0
1432857600 0 0 0 0
1432771200 0 0 0 0
1432684800 0 0 0 0
1432598400 0 0 0 0
1432512000 0 0 0 0
1432425600 0 0 0 0
1432339200 0 0 0 0
1432252800 0 0 0 0
1432166400 0 0 0 0
1432080000 0 0 0 0
1431993600 0 0 0 0
1431907200 0 0 0 0
1431820800 0 0 0 0
1431734400 0 0 0 0
1431648000 0 0 0 0
1431561600 0 0 0 0
1431475200 0 0 0 0
1431388800 0 0 0 0
1431302400 0 0 0 0
1431216000 0 0 0 0
1431129600 0 0 0 0
1431043200 0 0 0 0
1430956800 0 0 0 0
1430870400 0 0 0 0
1430784000 0 0 0 0
1430697600 0 0 0 0
1430611200 0 0 0 0
1430524800 0 0 0 0
1430438400 0 0 0 0
1430352000 0 0 0 0
1430265600 0 0 0 0
1430179200 0 0 0 0
1430092800 0 0 0 0
1430006400 0 0 0 0
1429920000 0 0 0 0
1429833600 0 0 0 0
1429747200 0 0 0 0
1429660800 0 0 0 0
1429574400 0 0 0 0
1429488000 0 0 0 0
1429401600 0 0 0 0
1429315200 0 0 0 0
1429228800 0 0 0 0
1429142400 0 0 0 0
1429056000 0 0 0 0
1428969600 0 0 0 0
1428883200 0 0 0 0
1428796800 0 0 0 0
1428710400 0 0 0 0
1428624000 0 0 0 0
1428537600 0 0 0 0
1428451200 0 0 0 0
1428364800 0 0 0 0
1428278400 0 0 0 0
1428192000 0 0 0 0
1428105600 0 0 0 0
1428019200 0 0 0 0
1427932800 0 0 0 0
1427846400 0 0 0 0
1427760000 0 0 0 0
1427673600 0 0 0 0
1427587200 0 0 0 0
1427500800 0 0 0 0
1427414400 0 0 0 0
1427328000 0 0 0 0
1427241600 0 0 0 0
1427155200 0 0 0 0
1427068800 0 0 0 0
1426982400 0 0 0 0
1426896000 0 0 0 0
1426809600 0 0 0 0
1426723200 0 0 0 0
1426636800 0 0 0 0
1426550400 0 0 0 0
1426464000 0 0 0 0
1426377600 0 0 0 0
1426291200 0 0 0 0
1426204800 0 0 0 0
1426118400 0 0 0 0
1426032000 0 0 0 0
1425945600 0 0 0 0
1425859200 0 0 0 0
1425772800 0 0 0 0
1425686400 0 0 0 0
1425600000 0 0 0 0
1425513600 0 0 0 0
1425427200 0 0 0 0
1425340800 0 0 0 0
1425254400 0 0 0 0
1425168000 0 0 0 0
1425081600 0 0 0 0
1424995200 0 0 0 0
1424908800 0 0 0 0
1424822400 0 0 0 0
1424736000 0 0 0 0
1424649600 0 0 0 0
1424563200 0 0 0 0
1424476800 0 0 0 0
1424390400 0 0 0 0
1424304000 0 0 0 0
1424217600 0 0 0 0
1424131200 0 0 0 0
1424044800 0 0 0 0
1423958400 0 0 0 0
